Collecting llama-cpp-python
  Downloading llama_cpp_python-0.3.2.tar.gz (65.0 MB)
     ━━━━━━━━━━━━━━━━━━━━━━━━━━━━━━━━━━━━━━━━ 65.0/65.0 MB 36.3 MB/s eta 0:00:00
  Installing build dependencies: started
  Installing build dependencies: finished with status 'done'
  Getting requirements to build wheel: started
  Getting requirements to build wheel: finished with status 'done'
  Installing backend dependencies: started
  Installing backend dependencies: finished with status 'done'
  Preparing metadata (pyproject.toml): started
  Preparing metadata (pyproject.toml): finished with status 'done'
Requirement already satisfied: typing-extensions>=4.5.0 in /opt/homebrew/Caskroom/miniforge/base/envs/FinanceLLMAnalyzer/lib/python3.11/site-packages (from llama-cpp-python) (4.12.2)
Requirement already satisfied: numpy>=1.20.0 in /opt/homebrew/Caskroom/miniforge/base/envs/FinanceLLMAnalyzer/lib/python3.11/site-packages (from llama-cpp-python) (1.26.4)
Collecting diskcache>=5.6.1 (from llama-cpp-python)
  Downloading diskcache-5.6.3-py3-none-any.whl.metadata (20 kB)
Requirement already satisfied: jinja2>=2.11.3 in /opt/homebrew/Caskroom/miniforge/base/envs/FinanceLLMAnalyzer/lib/python3.11/site-packages (from llama-cpp-python) (3.1.4)
Requirement already satisfied: MarkupSafe>=2.0 in /opt/homebrew/Caskroom/miniforge/base/envs/FinanceLLMAnalyzer/lib/python3.11/site-packages (from jinja2>=2.11.3->llama-cpp-python) (3.0.2)
Downloading diskcache-5.6.3-py3-none-any.whl (45 kB)
Building wheels for collected packages: llama-cpp-python
  Building wheel for llama-cpp-python (pyproject.toml): started
  Building wheel for llama-cpp-python (pyproject.toml): finished with status 'error'
  error: subprocess-exited-with-error
  
  × Building wheel for llama-cpp-python (pyproject.toml) did not run successfully.
  │ exit code: 1
  ╰─> [120 lines of output]
      *** scikit-build-core 0.10.7 using CMake 3.31.1 (wheel)
      *** Configuring CMake...
      loading initial cache file /var/folders/0_/rvb2llf93dbdq2r_5rn3r2hr0000gn/T/tmpwo6b42t0/build/CMakeInit.txt
      -- The C compiler identification is AppleClang 16.0.0.16000026
      -- The CXX compiler identification is AppleClang 16.0.0.16000026
      -- Detecting C compiler ABI info
      -- Detecting C compiler ABI info - done
      -- Check for working C compiler: /Library/Developer/CommandLineTools/usr/bin/clang - skipped
      -- Detecting C compile features
      -- Detecting C compile features - done
      -- Detecting CXX compiler ABI info
      -- Detecting CXX compiler ABI info - done
      -- Check for working CXX compiler: /Library/Developer/CommandLineTools/usr/bin/clang++ - skipped
      -- Detecting CXX compile features
      -- Detecting CXX compile features - done
      -- Found Git: /usr/bin/git (found version "2.39.5 (Apple Git-154)")
      -- Performing Test CMAKE_HAVE_LIBC_PTHREAD
      -- Performing Test CMAKE_HAVE_LIBC_PTHREAD - Success
      -- Found Threads: TRUE
      -- Warning: ccache not found - consider installing it for faster compilation or disable this warning with GGML_CCACHE=OFF
      -- CMAKE_SYSTEM_PROCESSOR: arm64
      -- Accelerate framework found
      -- Could NOT find OpenMP_C (missing: OpenMP_C_FLAGS OpenMP_C_LIB_NAMES)
      -- Could NOT find OpenMP_CXX (missing: OpenMP_CXX_FLAGS OpenMP_CXX_LIB_NAMES)
      -- Could NOT find OpenMP (missing: OpenMP_C_FOUND OpenMP_CXX_FOUND)
      CMake Warning at vendor/llama.cpp/ggml/src/ggml-cpu/CMakeLists.txt:43 (message):
        OpenMP not found
      
      
      -- Using llamafile
      -- ARM detected
      -- Performing Test COMPILER_SUPPORTS_FP16_FORMAT_I3E
      -- Performing Test COMPILER_SUPPORTS_FP16_FORMAT_I3E - Failed
      -- Using runtime weight conversion of Q4_0 to Q4_0_x_x to enable optimized GEMM/GEMV kernels
      -- Including CPU backend
      CMake Warning at vendor/llama.cpp/ggml/src/ggml-amx/CMakeLists.txt:106 (message):
        AMX requires x86 and gcc version > 11.0.  Turning off GGML_AMX.
      
      
      -- Looking for dgemm_
      -- Looking for dgemm_ - found
      -- Found BLAS: /Library/Developer/CommandLineTools/SDKs/MacOSX15.1.sdk/System/Library/Frameworks/Accelerate.framework
      -- BLAS found, Libraries: /Library/Developer/CommandLineTools/SDKs/MacOSX15.1.sdk/System/Library/Frameworks/Accelerate.framework
      -- BLAS found, Includes:
      -- Including BLAS backend
      -- Metal framework found
      -- The ASM compiler identification is AppleClang
      -- Found assembler: /Library/Developer/CommandLineTools/usr/bin/clang
      -- Including METAL backend
      CMake Warning (dev) at CMakeLists.txt:13 (install):
        Target llama has PUBLIC_HEADER files but no PUBLIC_HEADER DESTINATION.
      Call Stack (most recent call first):
        CMakeLists.txt:80 (llama_cpp_python_install_target)
      This warning is for project developers.  Use -Wno-dev to suppress it.
      
      CMake Warning (dev) at CMakeLists.txt:21 (install):
        Target llama has PUBLIC_HEADER files but no PUBLIC_HEADER DESTINATION.
      Call Stack (most recent call first):
        CMakeLists.txt:80 (llama_cpp_python_install_target)
      This warning is for project developers.  Use -Wno-dev to suppress it.
      
      CMake Warning (dev) at CMakeLists.txt:13 (install):
        Target ggml has PUBLIC_HEADER files but no PUBLIC_HEADER DESTINATION.
      Call Stack (most recent call first):
        CMakeLists.txt:81 (llama_cpp_python_install_target)
      This warning is for project developers.  Use -Wno-dev to suppress it.
      
      CMake Warning (dev) at CMakeLists.txt:21 (install):
        Target ggml has PUBLIC_HEADER files but no PUBLIC_HEADER DESTINATION.
      Call Stack (most recent call first):
        CMakeLists.txt:81 (llama_cpp_python_install_target)
      This warning is for project developers.  Use -Wno-dev to suppress it.
      
      -- Configuring done (1.0s)
      -- Generating done (0.0s)
      -- Build files have been written to: /var/folders/0_/rvb2llf93dbdq2r_5rn3r2hr0000gn/T/tmpwo6b42t0/build
      *** Building project with Ninja...
      Change Dir: '/var/folders/0_/rvb2llf93dbdq2r_5rn3r2hr0000gn/T/tmpwo6b42t0/build'
      
      Run Build Command(s): ninja -v
      [1/46] /Library/Developer/CommandLineTools/usr/bin/clang++ -DGGML_BUILD -DGGML_SCHED_MAX_COPIES=4 -DGGML_SHARED -D_DARWIN_C_SOURCE -D_XOPEN_SOURCE=600 -Dggml_base_EXPORTS -I/private/var/folders/0_/rvb2llf93dbdq2r_5rn3r2hr0000gn/T/pip-install-ckz95xnq/llama-cpp-python_74c39bd13e5d4ccdb8d10fbfbd6b4f4e/vendor/llama.cpp/ggml/src/. -I/private/var/folders/0_/rvb2llf93dbdq2r_5rn3r2hr0000gn/T/pip-install-ckz95xnq/llama-cpp-python_74c39bd13e5d4ccdb8d10fbfbd6b4f4e/vendor/llama.cpp/ggml/src/../include -O3 -DNDEBUG -std=gnu++11 -arch arm64 -isysroot /Library/Developer/CommandLineTools/SDKs/MacOSX15.1.sdk -fPIC -Wmissing-declarations -Wmissing-noreturn -Wall -Wextra -Wpedantic -Wcast-qual -Wno-unused-function -Wunreachable-code-break -Wunreachable-code-return -Wmissing-prototypes -Wextra-semi -MD -MT vendor/llama.cpp/ggml/src/CMakeFiles/ggml-base.dir/ggml-threading.cpp.o -MF vendor/llama.cpp/ggml/src/CMakeFiles/ggml-base.dir/ggml-threading.cpp.o.d -o vendor/llama.cpp/ggml/src/CMakeFiles/ggml-base.dir/ggml-threading.cpp.o -c /private/var/folders/0_/rvb2llf93dbdq2r_5rn3r2hr0000gn/T/pip-install-ckz95xnq/llama-cpp-python_74c39bd13e5d4ccdb8d10fbfbd6b4f4e/vendor/llama.cpp/ggml/src/ggml-threading.cpp
      FAILED: vendor/llama.cpp/ggml/src/CMakeFiles/ggml-base.dir/ggml-threading.cpp.o
      /Library/Developer/CommandLineTools/usr/bin/clang++ -DGGML_BUILD -DGGML_SCHED_MAX_COPIES=4 -DGGML_SHARED -D_DARWIN_C_SOURCE -D_XOPEN_SOURCE=600 -Dggml_base_EXPORTS -I/private/var/folders/0_/rvb2llf93dbdq2r_5rn3r2hr0000gn/T/pip-install-ckz95xnq/llama-cpp-python_74c39bd13e5d4ccdb8d10fbfbd6b4f4e/vendor/llama.cpp/ggml/src/. -I/private/var/folders/0_/rvb2llf93dbdq2r_5rn3r2hr0000gn/T/pip-install-ckz95xnq/llama-cpp-python_74c39bd13e5d4ccdb8d10fbfbd6b4f4e/vendor/llama.cpp/ggml/src/../include -O3 -DNDEBUG -std=gnu++11 -arch arm64 -isysroot /Library/Developer/CommandLineTools/SDKs/MacOSX15.1.sdk -fPIC -Wmissing-declarations -Wmissing-noreturn -Wall -Wextra -Wpedantic -Wcast-qual -Wno-unused-function -Wunreachable-code-break -Wunreachable-code-return -Wmissing-prototypes -Wextra-semi -MD -MT vendor/llama.cpp/ggml/src/CMakeFiles/ggml-base.dir/ggml-threading.cpp.o -MF vendor/llama.cpp/ggml/src/CMakeFiles/ggml-base.dir/ggml-threading.cpp.o.d -o vendor/llama.cpp/ggml/src/CMakeFiles/ggml-base.dir/ggml-threading.cpp.o -c /private/var/folders/0_/rvb2llf93dbdq2r_5rn3r2hr0000gn/T/pip-install-ckz95xnq/llama-cpp-python_74c39bd13e5d4ccdb8d10fbfbd6b4f4e/vendor/llama.cpp/ggml/src/ggml-threading.cpp
      /private/var/folders/0_/rvb2llf93dbdq2r_5rn3r2hr0000gn/T/pip-install-ckz95xnq/llama-cpp-python_74c39bd13e5d4ccdb8d10fbfbd6b4f4e/vendor/llama.cpp/ggml/src/ggml-threading.cpp:2:10: fatal error: 'mutex' file not found
          2 | #include <mutex>
            |          ^~~~~~~
      1 error generated.
      [2/46] /Library/Developer/CommandLineTools/usr/bin/clang++ -DACCELERATE_LAPACK_ILP64 -DACCELERATE_NEW_LAPACK -DGGML_BACKEND_BUILD -DGGML_BACKEND_SHARED -DGGML_SCHED_MAX_COPIES=4 -DGGML_SHARED -DGGML_USE_ACCELERATE -DGGML_USE_CPU_AARCH64 -DGGML_USE_LLAMAFILE -D_DARWIN_C_SOURCE -D_XOPEN_SOURCE=600 -Dggml_cpu_EXPORTS -I/private/var/folders/0_/rvb2llf93dbdq2r_5rn3r2hr0000gn/T/pip-install-ckz95xnq/llama-cpp-python_74c39bd13e5d4ccdb8d10fbfbd6b4f4e/vendor/llama.cpp/ggml/src/ggml-cpu/. -I/private/var/folders/0_/rvb2llf93dbdq2r_5rn3r2hr0000gn/T/pip-install-ckz95xnq/llama-cpp-python_74c39bd13e5d4ccdb8d10fbfbd6b4f4e/vendor/llama.cpp/ggml/src/ggml-cpu/.. -I/private/var/folders/0_/rvb2llf93dbdq2r_5rn3r2hr0000gn/T/pip-install-ckz95xnq/llama-cpp-python_74c39bd13e5d4ccdb8d10fbfbd6b4f4e/vendor/llama.cpp/ggml/src/../include -F/Library/Developer/CommandLineTools/SDKs/MacOSX15.1.sdk/System/Library/Frameworks -O3 -DNDEBUG -std=gnu++11 -arch arm64 -isysroot /Library/Developer/CommandLineTools/SDKs/MacOSX15.1.sdk -fPIC -Wmissing-declarations -Wmissing-noreturn -Wall -Wextra -Wpedantic -Wcast-qual -Wno-unused-function -Wunreachable-code-break -Wunreachable-code-return -Wmissing-prototypes -Wextra-semi -MD -MT vendor/llama.cpp/ggml/src/ggml-cpu/CMakeFiles/ggml-cpu.dir/ggml-cpu.cpp.o -MF vendor/llama.cpp/ggml/src/ggml-cpu/CMakeFiles/ggml-cpu.dir/ggml-cpu.cpp.o.d -o vendor/llama.cpp/ggml/src/ggml-cpu/CMakeFiles/ggml-cpu.dir/ggml-cpu.cpp.o -c /private/var/folders/0_/rvb2llf93dbdq2r_5rn3r2hr0000gn/T/pip-install-ckz95xnq/llama-cpp-python_74c39bd13e5d4ccdb8d10fbfbd6b4f4e/vendor/llama.cpp/ggml/src/ggml-cpu/ggml-cpu.cpp
      FAILED: vendor/llama.cpp/ggml/src/ggml-cpu/CMakeFiles/ggml-cpu.dir/ggml-cpu.cpp.o
      /Library/Developer/CommandLineTools/usr/bin/clang++ -DACCELERATE_LAPACK_ILP64 -DACCELERATE_NEW_LAPACK -DGGML_BACKEND_BUILD -DGGML_BACKEND_SHARED -DGGML_SCHED_MAX_COPIES=4 -DGGML_SHARED -DGGML_USE_ACCELERATE -DGGML_USE_CPU_AARCH64 -DGGML_USE_LLAMAFILE -D_DARWIN_C_SOURCE -D_XOPEN_SOURCE=600 -Dggml_cpu_EXPORTS -I/private/var/folders/0_/rvb2llf93dbdq2r_5rn3r2hr0000gn/T/pip-install-ckz95xnq/llama-cpp-python_74c39bd13e5d4ccdb8d10fbfbd6b4f4e/vendor/llama.cpp/ggml/src/ggml-cpu/. -I/private/var/folders/0_/rvb2llf93dbdq2r_5rn3r2hr0000gn/T/pip-install-ckz95xnq/llama-cpp-python_74c39bd13e5d4ccdb8d10fbfbd6b4f4e/vendor/llama.cpp/ggml/src/ggml-cpu/.. -I/private/var/folders/0_/rvb2llf93dbdq2r_5rn3r2hr0000gn/T/pip-install-ckz95xnq/llama-cpp-python_74c39bd13e5d4ccdb8d10fbfbd6b4f4e/vendor/llama.cpp/ggml/src/../include -F/Library/Developer/CommandLineTools/SDKs/MacOSX15.1.sdk/System/Library/Frameworks -O3 -DNDEBUG -std=gnu++11 -arch arm64 -isysroot /Library/Developer/CommandLineTools/SDKs/MacOSX15.1.sdk -fPIC -Wmissing-declarations -Wmissing-noreturn -Wall -Wextra -Wpedantic -Wcast-qual -Wno-unused-function -Wunreachable-code-break -Wunreachable-code-return -Wmissing-prototypes -Wextra-semi -MD -MT vendor/llama.cpp/ggml/src/ggml-cpu/CMakeFiles/ggml-cpu.dir/ggml-cpu.cpp.o -MF vendor/llama.cpp/ggml/src/ggml-cpu/CMakeFiles/ggml-cpu.dir/ggml-cpu.cpp.o.d -o vendor/llama.cpp/ggml/src/ggml-cpu/CMakeFiles/ggml-cpu.dir/ggml-cpu.cpp.o -c /private/var/folders/0_/rvb2llf93dbdq2r_5rn3r2hr0000gn/T/pip-install-ckz95xnq/llama-cpp-python_74c39bd13e5d4ccdb8d10fbfbd6b4f4e/vendor/llama.cpp/ggml/src/ggml-cpu/ggml-cpu.cpp
      /private/var/folders/0_/rvb2llf93dbdq2r_5rn3r2hr0000gn/T/pip-install-ckz95xnq/llama-cpp-python_74c39bd13e5d4ccdb8d10fbfbd6b4f4e/vendor/llama.cpp/ggml/src/ggml-cpu/ggml-cpu.cpp:6:10: fatal error: 'cctype' file not found
          6 | #include <cctype>
            |          ^~~~~~~~
      1 error generated.
      [3/46] /Library/Developer/CommandLineTools/usr/bin/clang -DGGML_BUILD -DGGML_SCHED_MAX_COPIES=4 -DGGML_SHARED -D_DARWIN_C_SOURCE -D_XOPEN_SOURCE=600 -Dggml_base_EXPORTS -I/private/var/folders/0_/rvb2llf93dbdq2r_5rn3r2hr0000gn/T/pip-install-ckz95xnq/llama-cpp-python_74c39bd13e5d4ccdb8d10fbfbd6b4f4e/vendor/llama.cpp/ggml/src/. -I/private/var/folders/0_/rvb2llf93dbdq2r_5rn3r2hr0000gn/T/pip-install-ckz95xnq/llama-cpp-python_74c39bd13e5d4ccdb8d10fbfbd6b4f4e/vendor/llama.cpp/ggml/src/../include -O3 -DNDEBUG -std=gnu11 -arch arm64 -isysroot /Library/Developer/CommandLineTools/SDKs/MacOSX15.1.sdk -fPIC -Wshadow -Wstrict-prototypes -Wpointer-arith -Wmissing-prototypes -Werror=implicit-int -Werror=implicit-function-declaration -Wall -Wextra -Wpedantic -Wcast-qual -Wno-unused-function -Wunreachable-code-break -Wunreachable-code-return -Wdouble-promotion -MD -MT vendor/llama.cpp/ggml/src/CMakeFiles/ggml-base.dir/ggml-aarch64.c.o -MF vendor/llama.cpp/ggml/src/CMakeFiles/ggml-base.dir/ggml-aarch64.c.o.d -o vendor/llama.cpp/ggml/src/CMakeFiles/ggml-base.dir/ggml-aarch64.c.o -c /private/var/folders/0_/rvb2llf93dbdq2r_5rn3r2hr0000gn/T/pip-install-ckz95xnq/llama-cpp-python_74c39bd13e5d4ccdb8d10fbfbd6b4f4e/vendor/llama.cpp/ggml/src/ggml-aarch64.c
      [4/46] /Library/Developer/CommandLineTools/usr/bin/clang++ -DGGML_BUILD -DGGML_SCHED_MAX_COPIES=4 -DGGML_SHARED -D_DARWIN_C_SOURCE -D_XOPEN_SOURCE=600 -Dggml_base_EXPORTS -I/private/var/folders/0_/rvb2llf93dbdq2r_5rn3r2hr0000gn/T/pip-install-ckz95xnq/llama-cpp-python_74c39bd13e5d4ccdb8d10fbfbd6b4f4e/vendor/llama.cpp/ggml/src/. -I/private/var/folders/0_/rvb2llf93dbdq2r_5rn3r2hr0000gn/T/pip-install-ckz95xnq/llama-cpp-python_74c39bd13e5d4ccdb8d10fbfbd6b4f4e/vendor/llama.cpp/ggml/src/../include -O3 -DNDEBUG -std=gnu++11 -arch arm64 -isysroot /Library/Developer/CommandLineTools/SDKs/MacOSX15.1.sdk -fPIC -Wmissing-declarations -Wmissing-noreturn -Wall -Wextra -Wpedantic -Wcast-qual -Wno-unused-function -Wunreachable-code-break -Wunreachable-code-return -Wmissing-prototypes -Wextra-semi -MD -MT vendor/llama.cpp/ggml/src/CMakeFiles/ggml-base.dir/ggml-backend.cpp.o -MF vendor/llama.cpp/ggml/src/CMakeFiles/ggml-base.dir/ggml-backend.cpp.o.d -o vendor/llama.cpp/ggml/src/CMakeFiles/ggml-base.dir/ggml-backend.cpp.o -c /private/var/folders/0_/rvb2llf93dbdq2r_5rn3r2hr0000gn/T/pip-install-ckz95xnq/llama-cpp-python_74c39bd13e5d4ccdb8d10fbfbd6b4f4e/vendor/llama.cpp/ggml/src/ggml-backend.cpp
      FAILED: vendor/llama.cpp/ggml/src/CMakeFiles/ggml-base.dir/ggml-backend.cpp.o
      /Library/Developer/CommandLineTools/usr/bin/clang++ -DGGML_BUILD -DGGML_SCHED_MAX_COPIES=4 -DGGML_SHARED -D_DARWIN_C_SOURCE -D_XOPEN_SOURCE=600 -Dggml_base_EXPORTS -I/private/var/folders/0_/rvb2llf93dbdq2r_5rn3r2hr0000gn/T/pip-install-ckz95xnq/llama-cpp-python_74c39bd13e5d4ccdb8d10fbfbd6b4f4e/vendor/llama.cpp/ggml/src/. -I/private/var/folders/0_/rvb2llf93dbdq2r_5rn3r2hr0000gn/T/pip-install-ckz95xnq/llama-cpp-python_74c39bd13e5d4ccdb8d10fbfbd6b4f4e/vendor/llama.cpp/ggml/src/../include -O3 -DNDEBUG -std=gnu++11 -arch arm64 -isysroot /Library/Developer/CommandLineTools/SDKs/MacOSX15.1.sdk -fPIC -Wmissing-declarations -Wmissing-noreturn -Wall -Wextra -Wpedantic -Wcast-qual -Wno-unused-function -Wunreachable-code-break -Wunreachable-code-return -Wmissing-prototypes -Wextra-semi -MD -MT vendor/llama.cpp/ggml/src/CMakeFiles/ggml-base.dir/ggml-backend.cpp.o -MF vendor/llama.cpp/ggml/src/CMakeFiles/ggml-base.dir/ggml-backend.cpp.o.d -o vendor/llama.cpp/ggml/src/CMakeFiles/ggml-base.dir/ggml-backend.cpp.o -c /private/var/folders/0_/rvb2llf93dbdq2r_5rn3r2hr0000gn/T/pip-install-ckz95xnq/llama-cpp-python_74c39bd13e5d4ccdb8d10fbfbd6b4f4e/vendor/llama.cpp/ggml/src/ggml-backend.cpp
      /private/var/folders/0_/rvb2llf93dbdq2r_5rn3r2hr0000gn/T/pip-install-ckz95xnq/llama-cpp-python_74c39bd13e5d4ccdb8d10fbfbd6b4f4e/vendor/llama.cpp/ggml/src/ggml-backend.cpp:22:10: fatal error: 'string' file not found
         22 | #include <string>
            |          ^~~~~~~~
      1 error generated.
      [5/46] /Library/Developer/CommandLineTools/usr/bin/clang -DGGML_BUILD -DGGML_SCHED_MAX_COPIES=4 -DGGML_SHARED -D_DARWIN_C_SOURCE -D_XOPEN_SOURCE=600 -Dggml_base_EXPORTS -I/private/var/folders/0_/rvb2llf93dbdq2r_5rn3r2hr0000gn/T/pip-install-ckz95xnq/llama-cpp-python_74c39bd13e5d4ccdb8d10fbfbd6b4f4e/vendor/llama.cpp/ggml/src/. -I/private/var/folders/0_/rvb2llf93dbdq2r_5rn3r2hr0000gn/T/pip-install-ckz95xnq/llama-cpp-python_74c39bd13e5d4ccdb8d10fbfbd6b4f4e/vendor/llama.cpp/ggml/src/../include -O3 -DNDEBUG -std=gnu11 -arch arm64 -isysroot /Library/Developer/CommandLineTools/SDKs/MacOSX15.1.sdk -fPIC -Wshadow -Wstrict-prototypes -Wpointer-arith -Wmissing-prototypes -Werror=implicit-int -Werror=implicit-function-declaration -Wall -Wextra -Wpedantic -Wcast-qual -Wno-unused-function -Wunreachable-code-break -Wunreachable-code-return -Wdouble-promotion -MD -MT vendor/llama.cpp/ggml/src/CMakeFiles/ggml-base.dir/ggml-alloc.c.o -MF vendor/llama.cpp/ggml/src/CMakeFiles/ggml-base.dir/ggml-alloc.c.o.d -o vendor/llama.cpp/ggml/src/CMakeFiles/ggml-base.dir/ggml-alloc.c.o -c /private/var/folders/0_/rvb2llf93dbdq2r_5rn3r2hr0000gn/T/pip-install-ckz95xnq/llama-cpp-python_74c39bd13e5d4ccdb8d10fbfbd6b4f4e/vendor/llama.cpp/ggml/src/ggml-alloc.c
      [6/46] /Library/Developer/CommandLineTools/usr/bin/clang -DACCELERATE_LAPACK_ILP64 -DACCELERATE_NEW_LAPACK -DGGML_BACKEND_BUILD -DGGML_BACKEND_SHARED -DGGML_SCHED_MAX_COPIES=4 -DGGML_SHARED -DGGML_USE_ACCELERATE -DGGML_USE_CPU_AARCH64 -DGGML_USE_LLAMAFILE -D_DARWIN_C_SOURCE -D_XOPEN_SOURCE=600 -Dggml_cpu_EXPORTS -I/private/var/folders/0_/rvb2llf93dbdq2r_5rn3r2hr0000gn/T/pip-install-ckz95xnq/llama-cpp-python_74c39bd13e5d4ccdb8d10fbfbd6b4f4e/vendor/llama.cpp/ggml/src/ggml-cpu/. -I/private/var/folders/0_/rvb2llf93dbdq2r_5rn3r2hr0000gn/T/pip-install-ckz95xnq/llama-cpp-python_74c39bd13e5d4ccdb8d10fbfbd6b4f4e/vendor/llama.cpp/ggml/src/ggml-cpu/.. -I/private/var/folders/0_/rvb2llf93dbdq2r_5rn3r2hr0000gn/T/pip-install-ckz95xnq/llama-cpp-python_74c39bd13e5d4ccdb8d10fbfbd6b4f4e/vendor/llama.cpp/ggml/src/../include -F/Library/Developer/CommandLineTools/SDKs/MacOSX15.1.sdk/System/Library/Frameworks -O3 -DNDEBUG -std=gnu11 -arch arm64 -isysroot /Library/Developer/CommandLineTools/SDKs/MacOSX15.1.sdk -fPIC -Wshadow -Wstrict-prototypes -Wpointer-arith -Wmissing-prototypes -Werror=implicit-int -Werror=implicit-function-declaration -Wall -Wextra -Wpedantic -Wcast-qual -Wno-unused-function -Wunreachable-code-break -Wunreachable-code-return -Wdouble-promotion -MD -MT vendor/llama.cpp/ggml/src/ggml-cpu/CMakeFiles/ggml-cpu.dir/ggml-cpu-aarch64.c.o -MF vendor/llama.cpp/ggml/src/ggml-cpu/CMakeFiles/ggml-cpu.dir/ggml-cpu-aarch64.c.o.d -o vendor/llama.cpp/ggml/src/ggml-cpu/CMakeFiles/ggml-cpu.dir/ggml-cpu-aarch64.c.o -c /private/var/folders/0_/rvb2llf93dbdq2r_5rn3r2hr0000gn/T/pip-install-ckz95xnq/llama-cpp-python_74c39bd13e5d4ccdb8d10fbfbd6b4f4e/vendor/llama.cpp/ggml/src/ggml-cpu/ggml-cpu-aarch64.c
      [7/46] /Library/Developer/CommandLineTools/usr/bin/clang -DACCELERATE_LAPACK_ILP64 -DACCELERATE_NEW_LAPACK -DGGML_BACKEND_BUILD -DGGML_BACKEND_SHARED -DGGML_SCHED_MAX_COPIES=4 -DGGML_SHARED -DGGML_USE_ACCELERATE -DGGML_USE_CPU_AARCH64 -DGGML_USE_LLAMAFILE -D_DARWIN_C_SOURCE -D_XOPEN_SOURCE=600 -Dggml_cpu_EXPORTS -I/private/var/folders/0_/rvb2llf93dbdq2r_5rn3r2hr0000gn/T/pip-install-ckz95xnq/llama-cpp-python_74c39bd13e5d4ccdb8d10fbfbd6b4f4e/vendor/llama.cpp/ggml/src/ggml-cpu/. -I/private/var/folders/0_/rvb2llf93dbdq2r_5rn3r2hr0000gn/T/pip-install-ckz95xnq/llama-cpp-python_74c39bd13e5d4ccdb8d10fbfbd6b4f4e/vendor/llama.cpp/ggml/src/ggml-cpu/.. -I/private/var/folders/0_/rvb2llf93dbdq2r_5rn3r2hr0000gn/T/pip-install-ckz95xnq/llama-cpp-python_74c39bd13e5d4ccdb8d10fbfbd6b4f4e/vendor/llama.cpp/ggml/src/../include -F/Library/Developer/CommandLineTools/SDKs/MacOSX15.1.sdk/System/Library/Frameworks -O3 -DNDEBUG -std=gnu11 -arch arm64 -isysroot /Library/Developer/CommandLineTools/SDKs/MacOSX15.1.sdk -fPIC -Wshadow -Wstrict-prototypes -Wpointer-arith -Wmissing-prototypes -Werror=implicit-int -Werror=implicit-function-declaration -Wall -Wextra -Wpedantic -Wcast-qual -Wno-unused-function -Wunreachable-code-break -Wunreachable-code-return -Wdouble-promotion -MD -MT vendor/llama.cpp/ggml/src/ggml-cpu/CMakeFiles/ggml-cpu.dir/ggml-cpu-quants.c.o -MF vendor/llama.cpp/ggml/src/ggml-cpu/CMakeFiles/ggml-cpu.dir/ggml-cpu-quants.c.o.d -o vendor/llama.cpp/ggml/src/ggml-cpu/CMakeFiles/ggml-cpu.dir/ggml-cpu-quants.c.o -c /private/var/folders/0_/rvb2llf93dbdq2r_5rn3r2hr0000gn/T/pip-install-ckz95xnq/llama-cpp-python_74c39bd13e5d4ccdb8d10fbfbd6b4f4e/vendor/llama.cpp/ggml/src/ggml-cpu/ggml-cpu-quants.c
      [8/46] /Library/Developer/CommandLineTools/usr/bin/clang++ -DACCELERATE_LAPACK_ILP64 -DACCELERATE_NEW_LAPACK -DGGML_BACKEND_BUILD -DGGML_BACKEND_SHARED -DGGML_BLAS_USE_ACCELERATE -DGGML_SCHED_MAX_COPIES=4 -DGGML_SHARED -D_DARWIN_C_SOURCE -D_XOPEN_SOURCE=600 -Dggml_blas_EXPORTS -I/private/var/folders/0_/rvb2llf93dbdq2r_5rn3r2hr0000gn/T/pip-install-ckz95xnq/llama-cpp-python_74c39bd13e5d4ccdb8d10fbfbd6b4f4e/vendor/llama.cpp/ggml/src/ggml-blas/. -I/private/var/folders/0_/rvb2llf93dbdq2r_5rn3r2hr0000gn/T/pip-install-ckz95xnq/llama-cpp-python_74c39bd13e5d4ccdb8d10fbfbd6b4f4e/vendor/llama.cpp/ggml/src/ggml-blas/.. -I/private/var/folders/0_/rvb2llf93dbdq2r_5rn3r2hr0000gn/T/pip-install-ckz95xnq/llama-cpp-python_74c39bd13e5d4ccdb8d10fbfbd6b4f4e/vendor/llama.cpp/ggml/src/../include -F/Library/Developer/CommandLineTools/SDKs/MacOSX15.1.sdk/System/Library/Frameworks -O3 -DNDEBUG -std=gnu++11 -arch arm64 -isysroot /Library/Developer/CommandLineTools/SDKs/MacOSX15.1.sdk -fPIC -Wmissing-declarations -Wmissing-noreturn -Wall -Wextra -Wpedantic -Wcast-qual -Wno-unused-function -Wunreachable-code-break -Wunreachable-code-return -Wmissing-prototypes -Wextra-semi -MD -MT vendor/llama.cpp/ggml/src/ggml-blas/CMakeFiles/ggml-blas.dir/ggml-blas.cpp.o -MF vendor/llama.cpp/ggml/src/ggml-blas/CMakeFiles/ggml-blas.dir/ggml-blas.cpp.o.d -o vendor/llama.cpp/ggml/src/ggml-blas/CMakeFiles/ggml-blas.dir/ggml-blas.cpp.o -c /private/var/folders/0_/rvb2llf93dbdq2r_5rn3r2hr0000gn/T/pip-install-ckz95xnq/llama-cpp-python_74c39bd13e5d4ccdb8d10fbfbd6b4f4e/vendor/llama.cpp/ggml/src/ggml-blas/ggml-blas.cpp
      FAILED: vendor/llama.cpp/ggml/src/ggml-blas/CMakeFiles/ggml-blas.dir/ggml-blas.cpp.o
      /Library/Developer/CommandLineTools/usr/bin/clang++ -DACCELERATE_LAPACK_ILP64 -DACCELERATE_NEW_LAPACK -DGGML_BACKEND_BUILD -DGGML_BACKEND_SHARED -DGGML_BLAS_USE_ACCELERATE -DGGML_SCHED_MAX_COPIES=4 -DGGML_SHARED -D_DARWIN_C_SOURCE -D_XOPEN_SOURCE=600 -Dggml_blas_EXPORTS -I/private/var/folders/0_/rvb2llf93dbdq2r_5rn3r2hr0000gn/T/pip-install-ckz95xnq/llama-cpp-python_74c39bd13e5d4ccdb8d10fbfbd6b4f4e/vendor/llama.cpp/ggml/src/ggml-blas/. -I/private/var/folders/0_/rvb2llf93dbdq2r_5rn3r2hr0000gn/T/pip-install-ckz95xnq/llama-cpp-python_74c39bd13e5d4ccdb8d10fbfbd6b4f4e/vendor/llama.cpp/ggml/src/ggml-blas/.. -I/private/var/folders/0_/rvb2llf93dbdq2r_5rn3r2hr0000gn/T/pip-install-ckz95xnq/llama-cpp-python_74c39bd13e5d4ccdb8d10fbfbd6b4f4e/vendor/llama.cpp/ggml/src/../include -F/Library/Developer/CommandLineTools/SDKs/MacOSX15.1.sdk/System/Library/Frameworks -O3 -DNDEBUG -std=gnu++11 -arch arm64 -isysroot /Library/Developer/CommandLineTools/SDKs/MacOSX15.1.sdk -fPIC -Wmissing-declarations -Wmissing-noreturn -Wall -Wextra -Wpedantic -Wcast-qual -Wno-unused-function -Wunreachable-code-break -Wunreachable-code-return -Wmissing-prototypes -Wextra-semi -MD -MT vendor/llama.cpp/ggml/src/ggml-blas/CMakeFiles/ggml-blas.dir/ggml-blas.cpp.o -MF vendor/llama.cpp/ggml/src/ggml-blas/CMakeFiles/ggml-blas.dir/ggml-blas.cpp.o.d -o vendor/llama.cpp/ggml/src/ggml-blas/CMakeFiles/ggml-blas.dir/ggml-blas.cpp.o -c /private/var/folders/0_/rvb2llf93dbdq2r_5rn3r2hr0000gn/T/pip-install-ckz95xnq/llama-cpp-python_74c39bd13e5d4ccdb8d10fbfbd6b4f4e/vendor/llama.cpp/ggml/src/ggml-blas/ggml-blas.cpp
      /private/var/folders/0_/rvb2llf93dbdq2r_5rn3r2hr0000gn/T/pip-install-ckz95xnq/llama-cpp-python_74c39bd13e5d4ccdb8d10fbfbd6b4f4e/vendor/llama.cpp/ggml/src/ggml-blas/ggml-blas.cpp:5:10: fatal error: 'future' file not found
          5 | #include <future>
            |          ^~~~~~~~
      1 error generated.
      [9/46] /Library/Developer/CommandLineTools/usr/bin/clang++ -DACCELERATE_LAPACK_ILP64 -DACCELERATE_NEW_LAPACK -DGGML_BACKEND_BUILD -DGGML_BACKEND_SHARED -DGGML_SCHED_MAX_COPIES=4 -DGGML_SHARED -DGGML_USE_ACCELERATE -DGGML_USE_CPU_AARCH64 -DGGML_USE_LLAMAFILE -D_DARWIN_C_SOURCE -D_XOPEN_SOURCE=600 -Dggml_cpu_EXPORTS -I/private/var/folders/0_/rvb2llf93dbdq2r_5rn3r2hr0000gn/T/pip-install-ckz95xnq/llama-cpp-python_74c39bd13e5d4ccdb8d10fbfbd6b4f4e/vendor/llama.cpp/ggml/src/ggml-cpu/. -I/private/var/folders/0_/rvb2llf93dbdq2r_5rn3r2hr0000gn/T/pip-install-ckz95xnq/llama-cpp-python_74c39bd13e5d4ccdb8d10fbfbd6b4f4e/vendor/llama.cpp/ggml/src/ggml-cpu/.. -I/private/var/folders/0_/rvb2llf93dbdq2r_5rn3r2hr0000gn/T/pip-install-ckz95xnq/llama-cpp-python_74c39bd13e5d4ccdb8d10fbfbd6b4f4e/vendor/llama.cpp/ggml/src/../include -F/Library/Developer/CommandLineTools/SDKs/MacOSX15.1.sdk/System/Library/Frameworks -O3 -DNDEBUG -std=gnu++11 -arch arm64 -isysroot /Library/Developer/CommandLineTools/SDKs/MacOSX15.1.sdk -fPIC -Wmissing-declarations -Wmissing-noreturn -Wall -Wextra -Wpedantic -Wcast-qual -Wno-unused-function -Wunreachable-code-break -Wunreachable-code-return -Wmissing-prototypes -Wextra-semi -MD -MT vendor/llama.cpp/ggml/src/ggml-cpu/CMakeFiles/ggml-cpu.dir/llamafile/sgemm.cpp.o -MF vendor/llama.cpp/ggml/src/ggml-cpu/CMakeFiles/ggml-cpu.dir/llamafile/sgemm.cpp.o.d -o vendor/llama.cpp/ggml/src/ggml-cpu/CMakeFiles/ggml-cpu.dir/llamafile/sgemm.cpp.o -c /private/var/folders/0_/rvb2llf93dbdq2r_5rn3r2hr0000gn/T/pip-install-ckz95xnq/llama-cpp-python_74c39bd13e5d4ccdb8d10fbfbd6b4f4e/vendor/llama.cpp/ggml/src/ggml-cpu/llamafile/sgemm.cpp
      [10/46] /Library/Developer/CommandLineTools/usr/bin/clang -DGGML_BUILD -DGGML_SCHED_MAX_COPIES=4 -DGGML_SHARED -D_DARWIN_C_SOURCE -D_XOPEN_SOURCE=600 -Dggml_base_EXPORTS -I/private/var/folders/0_/rvb2llf93dbdq2r_5rn3r2hr0000gn/T/pip-install-ckz95xnq/llama-cpp-python_74c39bd13e5d4ccdb8d10fbfbd6b4f4e/vendor/llama.cpp/ggml/src/. -I/private/var/folders/0_/rvb2llf93dbdq2r_5rn3r2hr0000gn/T/pip-install-ckz95xnq/llama-cpp-python_74c39bd13e5d4ccdb8d10fbfbd6b4f4e/vendor/llama.cpp/ggml/src/../include -O3 -DNDEBUG -std=gnu11 -arch arm64 -isysroot /Library/Developer/CommandLineTools/SDKs/MacOSX15.1.sdk -fPIC -Wshadow -Wstrict-prototypes -Wpointer-arith -Wmissing-prototypes -Werror=implicit-int -Werror=implicit-function-declaration -Wall -Wextra -Wpedantic -Wcast-qual -Wno-unused-function -Wunreachable-code-break -Wunreachable-code-return -Wdouble-promotion -MD -MT vendor/llama.cpp/ggml/src/CMakeFiles/ggml-base.dir/ggml.c.o -MF vendor/llama.cpp/ggml/src/CMakeFiles/ggml-base.dir/ggml.c.o.d -o vendor/llama.cpp/ggml/src/CMakeFiles/ggml-base.dir/ggml.c.o -c /private/var/folders/0_/rvb2llf93dbdq2r_5rn3r2hr0000gn/T/pip-install-ckz95xnq/llama-cpp-python_74c39bd13e5d4ccdb8d10fbfbd6b4f4e/vendor/llama.cpp/ggml/src/ggml.c
      [11/46] /Library/Developer/CommandLineTools/usr/bin/clang -DGGML_BUILD -DGGML_SCHED_MAX_COPIES=4 -DGGML_SHARED -D_DARWIN_C_SOURCE -D_XOPEN_SOURCE=600 -Dggml_base_EXPORTS -I/private/var/folders/0_/rvb2llf93dbdq2r_5rn3r2hr0000gn/T/pip-install-ckz95xnq/llama-cpp-python_74c39bd13e5d4ccdb8d10fbfbd6b4f4e/vendor/llama.cpp/ggml/src/. -I/private/var/folders/0_/rvb2llf93dbdq2r_5rn3r2hr0000gn/T/pip-install-ckz95xnq/llama-cpp-python_74c39bd13e5d4ccdb8d10fbfbd6b4f4e/vendor/llama.cpp/ggml/src/../include -O3 -DNDEBUG -std=gnu11 -arch arm64 -isysroot /Library/Developer/CommandLineTools/SDKs/MacOSX15.1.sdk -fPIC -Wshadow -Wstrict-prototypes -Wpointer-arith -Wmissing-prototypes -Werror=implicit-int -Werror=implicit-function-declaration -Wall -Wextra -Wpedantic -Wcast-qual -Wno-unused-function -Wunreachable-code-break -Wunreachable-code-return -Wdouble-promotion -MD -MT vendor/llama.cpp/ggml/src/CMakeFiles/ggml-base.dir/ggml-quants.c.o -MF vendor/llama.cpp/ggml/src/CMakeFiles/ggml-base.dir/ggml-quants.c.o.d -o vendor/llama.cpp/ggml/src/CMakeFiles/ggml-base.dir/ggml-quants.c.o -c /private/var/folders/0_/rvb2llf93dbdq2r_5rn3r2hr0000gn/T/pip-install-ckz95xnq/llama-cpp-python_74c39bd13e5d4ccdb8d10fbfbd6b4f4e/vendor/llama.cpp/ggml/src/ggml-quants.c
      [12/46] /Library/Developer/CommandLineTools/usr/bin/clang -DACCELERATE_LAPACK_ILP64 -DACCELERATE_NEW_LAPACK -DGGML_BACKEND_BUILD -DGGML_BACKEND_SHARED -DGGML_SCHED_MAX_COPIES=4 -DGGML_SHARED -DGGML_USE_ACCELERATE -DGGML_USE_CPU_AARCH64 -DGGML_USE_LLAMAFILE -D_DARWIN_C_SOURCE -D_XOPEN_SOURCE=600 -Dggml_cpu_EXPORTS -I/private/var/folders/0_/rvb2llf93dbdq2r_5rn3r2hr0000gn/T/pip-install-ckz95xnq/llama-cpp-python_74c39bd13e5d4ccdb8d10fbfbd6b4f4e/vendor/llama.cpp/ggml/src/ggml-cpu/. -I/private/var/folders/0_/rvb2llf93dbdq2r_5rn3r2hr0000gn/T/pip-install-ckz95xnq/llama-cpp-python_74c39bd13e5d4ccdb8d10fbfbd6b4f4e/vendor/llama.cpp/ggml/src/ggml-cpu/.. -I/private/var/folders/0_/rvb2llf93dbdq2r_5rn3r2hr0000gn/T/pip-install-ckz95xnq/llama-cpp-python_74c39bd13e5d4ccdb8d10fbfbd6b4f4e/vendor/llama.cpp/ggml/src/../include -F/Library/Developer/CommandLineTools/SDKs/MacOSX15.1.sdk/System/Library/Frameworks -O3 -DNDEBUG -std=gnu11 -arch arm64 -isysroot /Library/Developer/CommandLineTools/SDKs/MacOSX15.1.sdk -fPIC -Wshadow -Wstrict-prototypes -Wpointer-arith -Wmissing-prototypes -Werror=implicit-int -Werror=implicit-function-declaration -Wall -Wextra -Wpedantic -Wcast-qual -Wno-unused-function -Wunreachable-code-break -Wunreachable-code-return -Wdouble-promotion -MD -MT vendor/llama.cpp/ggml/src/ggml-cpu/CMakeFiles/ggml-cpu.dir/ggml-cpu.c.o -MF vendor/llama.cpp/ggml/src/ggml-cpu/CMakeFiles/ggml-cpu.dir/ggml-cpu.c.o.d -o vendor/llama.cpp/ggml/src/ggml-cpu/CMakeFiles/ggml-cpu.dir/ggml-cpu.c.o -c /private/var/folders/0_/rvb2llf93dbdq2r_5rn3r2hr0000gn/T/pip-install-ckz95xnq/llama-cpp-python_74c39bd13e5d4ccdb8d10fbfbd6b4f4e/vendor/llama.cpp/ggml/src/ggml-cpu/ggml-cpu.c
      ninja: build stopped: subcommand failed.
      
      
      *** CMake build failed
      [end of output]
  
  note: This error originates from a subprocess, and is likely not a problem with pip.
  ERROR: Failed building wheel for llama-cpp-python
Failed to build llama-cpp-python
ERROR: ERROR: Failed to build installable wheels for some pyproject.toml based projects (llama-cpp-python)
